<?xml version="1.0" encoding="UTF-8"?>
<testng-results ignored="0" total="2" passed="2" failed="0" skipped="0">
  <reporter-output>
  </reporter-output>
  <suite started-at="2024-07-07T18:07:32 IST" name="Suite" finished-at="2024-07-07T18:08:09 IST" duration-ms="37127">
    <groups>
      <group name="Purchase">
        <method signature="SubmitOrderTest.submitOrder(java.util.HashMap)[pri:0, instance:rahulshettyacademy.tests.SubmitOrderTest@294425a7]" name="submitOrder" class="rahulshettyacademy.tests.SubmitOrderTest"/>
      </group> <!-- Purchase -->
    </groups>
    <test started-at="2024-07-07T18:07:32 IST" name="Error Validation Test" finished-at="2024-07-07T18:07:32 IST" duration-ms="42">
    </test> <!-- Error Validation Test -->
    <test started-at="2024-07-07T18:07:32 IST" name="Submit Order Test" finished-at="2024-07-07T18:08:09 IST" duration-ms="37125">
      <class name="rahulshettyacademy.tests.SubmitOrderTest">
        <test-method is-config="true" signature="launchApplication()[pri:0, instance:rahulshettyacademy.tests.SubmitOrderTest@294425a7]" started-at="2024-07-07T18:07:33 IST" name="launchApplication" finished-at="2024-07-07T18:07:45 IST" duration-ms="11375" status="PASS">
          <reporter-output>
          </reporter-output>
        </test-method> <!-- launchApplication -->
        <test-method signature="submitOrder(java.util.HashMap)[pri:0, instance:rahulshettyacademy.tests.SubmitOrderTest@294425a7]" started-at="2024-07-07T18:07:45 IST" name="submitOrder" data-provider="getData" finished-at="2024-07-07T18:07:54 IST" duration-ms="9823" status="PASS">
          <params>
            <param index="0">
              <value>
                <![CDATA[{Country=India, password=Shruti@240790, email=shrutiagrawal@gmail.com, productName=ZARA COAT 3}]]>
              </value>
            </param>
          </params>
          <reporter-output>
          </reporter-output>
        </test-method> <!-- submitOrder -->
        <test-method is-config="true" signature="tearDown()[pri:0, instance:rahulshettyacademy.tests.SubmitOrderTest@294425a7]" started-at="2024-07-07T18:07:54 IST" name="tearDown" finished-at="2024-07-07T18:07:55 IST" duration-ms="210" status="PASS">
          <reporter-output>
          </reporter-output>
        </test-method> <!-- tearDown -->
        <test-method is-config="true" signature="launchApplication()[pri:0, instance:rahulshettyacademy.tests.SubmitOrderTest@294425a7]" started-at="2024-07-07T18:07:55 IST" name="launchApplication" finished-at="2024-07-07T18:07:59 IST" duration-ms="4768" status="PASS">
          <reporter-output>
          </reporter-output>
        </test-method> <!-- launchApplication -->
        <test-method signature="submitOrder(java.util.HashMap)[pri:0, instance:rahulshettyacademy.tests.SubmitOrderTest@294425a7]" started-at="2024-07-07T18:07:59 IST" name="submitOrder" data-provider="getData" finished-at="2024-07-07T18:08:09 IST" duration-ms="9466" status="PASS">
          <params>
            <param index="0">
              <value>
                <![CDATA[{Country=India, password=Abhishek@240790, email=shrutiagrawal2@gmail.com, productName=ADIDAS ORIGINAL}]]>
              </value>
            </param>
          </params>
          <reporter-output>
          </reporter-output>
        </test-method> <!-- submitOrder -->
        <test-method is-config="true" signature="tearDown()[pri:0, instance:rahulshettyacademy.tests.SubmitOrderTest@294425a7]" started-at="2024-07-07T18:08:09 IST" name="tearDown" finished-at="2024-07-07T18:08:09 IST" duration-ms="186" status="PASS">
          <reporter-output>
          </reporter-output>
        </test-method> <!-- tearDown -->
      </class> <!-- rahulshettyacademy.tests.SubmitOrderTest -->
    </test> <!-- Submit Order Test -->
  </suite> <!-- Suite -->
</testng-results>
